<?xml version="1.0" encoding="UTF-8"?>
<testsuite name="edu.duke.cs.is_v2.IsV2ApplicationTests" tests="1" skipped="0" failures="0" errors="0" timestamp="2024-11-07T19:57:54" hostname="MacBook-Pro-de-Murilo-4.local" time="0.927">
  <properties/>
  <testcase name="contextLoads()" classname="edu.duke.cs.is_v2.IsV2ApplicationTests" time="0.927"/>
  <system-out><![CDATA[14:57:52.362 [Test worker] INFO org.springframework.test.context.support.AnnotationConfigContextLoaderUtils -- Could not detect default configuration classes for test class [edu.duke.cs.is_v2.IsV2ApplicationTests]: IsV2ApplicationTests does not declare any static, non-private, non-final, nested classes annotated with @Configuration.
14:57:52.481 [Test worker] INFO org.springframework.boot.test.context.SpringBootTestContextBootstrapper -- Found @SpringBootConfiguration edu.duke.cs.is_v2.IsV2Application for test class edu.duke.cs.is_v2.IsV2ApplicationTests

  .   ____          _            __ _ _
 /\\ / ___'_ __ _ _(_)_ __  __ _ \ \ \ \
( ( )\___ | '_ | '_| | '_ \/ _` | \ \ \ \
 \\/  ___)| |_)| | | | | || (_| |  ) ) ) )
  '  |____| .__|_| |_|_| |_\__, | / / / /
 =========|_|==============|___/=/_/_/_/

 :: Spring Boot ::                (v3.3.5)

2024-11-07T14:57:52.884-05:00  INFO 95377 --- [is-v2] [    Test worker] edu.duke.cs.is_v2.IsV2ApplicationTests   : Starting IsV2ApplicationTests using Java 21.0.5 with PID 95377 (started by murilo in /Users/murilo/IdeaProjects/CS512-ISv2)
2024-11-07T14:57:52.886-05:00  INFO 95377 --- [is-v2] [    Test worker] edu.duke.cs.is_v2.IsV2ApplicationTests   : No active profile set, falling back to 1 default profile: "default"
2024-11-07T14:57:54.116-05:00  INFO 95377 --- [is-v2] [    Test worker] edu.duke.cs.is_v2.IsV2ApplicationTests   : Started IsV2ApplicationTests in 1.488 seconds (process running for 2.736)
]]></system-out>
  <system-err><![CDATA[WARNING: A Java agent has been loaded dynamically (/Users/murilo/.gradle/caches/modules-2/files-2.1/net.bytebuddy/byte-buddy-agent/1.14.19/154da3a65b4f4a909d3e5bdec55d1b2b4cbb6ce1/byte-buddy-agent-1.14.19.jar)
WARNING: If a serviceability tool is in use, please run with -XX:+EnableDynamicAgentLoading to hide this warning
WARNING: If a serviceability tool is not in use, please run with -Djdk.instrument.traceUsage for more information
WARNING: Dynamic loading of agents will be disallowed by default in a future release
]]></system-err>
</testsuite>
